New log file opened at Sat Nov 07 13:46:09 CST 2015 by 18826@debian
Sending msg to client activator-f339d6ea-60fb-4807-ae1c-bed7ad1720b1: DetachedLogEvent(LogMessage(debug,sbt server socket logs are in: /home/ignacio/workspace/play/play-java/.sbtserver/connections/master.log))
Sending msg to client activator-f339d6ea-60fb-4807-ae1c-bed7ad1720b1: DetachedLogEvent(LogMessage(debug,sbt client logs are in: /home/ignacio/workspace/play/play-java/.sbtserver/connections/activator-f339d6ea-60fb-4807-ae1c-bed7ad1720b1.log))
Sending msg to client activator-f339d6ea-60fb-4807-ae1c-bed7ad1720b1: DetachedLogEvent(LogMessage(debug,sbt general server logs are in: /home/ignacio/workspace/play/play-java/.sbtserver/master.log))
Reading next message from client.
Got request: ListenToEvents()
Reading next message from client.
Sending msg to client activator-f339d6ea-60fb-4807-ae1c-bed7ad1720b1: (3,ReceivedResponse())
Got request: ListenToBuildChange()
Reading next message from client.
Sending msg to client activator-f339d6ea-60fb-4807-ae1c-bed7ad1720b1: (4,ReceivedResponse())
Got request: SendSyntheticBuildChanged()
Reading next message from client.
Got request: KeyLookupRequest(discoveredMainClasses)
Reading next message from client.
Got request: KeyLookupRequest(mainClass)
Reading next message from client.
Sending msg to client activator-f339d6ea-60fb-4807-ae1c-bed7ad1720b1: BuildStructureChanged(MinimalBuildStructure(Vector(file:/home/ignacio/workspace/play/play-java/),Vector(MinimalProjectStructure(ProjectReference(file:/home/ignacio/workspace/play/play-java/,root),Vector(sbt.plugins.CorePlugin, com.typesafe.sbt.SbtNativePackager, sbt.plugins.InteractionServicePlugin, sbt.plugins.SendEventServicePlugin, sbt.plugins.SerializersPlugin, sbt.plugins.IvyPlugin, com.typesafe.sbt.packager.universal.UniversalPlugin, sbt.plugins.JvmPlugin, com.typesafe.sbt.packager.windows.WindowsPlugin, com.typesafe.sbt.packager.docker.DockerPlugin, com.typesafe.sbt.packager.linux.LinuxPlugin, play.twirl.sbt.SbtTwirl, play.sbt.routes.RoutesCompiler, com.typesafe.play.sbt.enhancer.PlayEnhancer, sbt.plugins.JUnitXmlReportPlugin, sbt.plugins.BackgroundRunPlugin, com.typesafe.sbt.packager.rpm.RpmPlugin, com.typesafe.sbt.web.SbtWeb, com.typesafe.sbt.packager.debian.DebianPlugin, com.typesafe.sbt.packager.archetypes.JavaAppPackaging, com.typesafe.sbt.jse.SbtJsEngine, com.typesafe.sbt.digest.SbtDigest, com.typesafe.sbt.packager.archetypes.JavaServerAppPackaging, com.typesafe.sbt.jse.SbtJsTask, play.sbt.Play, com.typesafe.sbt.jshint.SbtJSHint, com.typesafe.sbt.mocha.SbtMocha, com.typesafe.sbt.less.SbtLess, com.typesafe.sbt.rjs.SbtRjs, com.typesafe.sbt.coffeescript.SbtCoffeeScript, play.sbt.PlayJava, play.sbt.PlayNettyServer, play.sbt.PlayLayoutPlugin, play.sbt.forkrun.PlayForkRun)))))
Sending msg to client activator-f339d6ea-60fb-4807-ae1c-bed7ad1720b1: (6,KeyLookupResponse(discoveredMainClasses,Vector(AttributeKey[scala.collection.Seq[java.lang.String]]("discoveredMainClasses") in Scope(Build: file:/home/ignacio/workspace/play/play-java/, , Project: ProjectReference(file:/home/ignacio/workspace/play/play-java/,root), Config: compile))))
Sending msg to client activator-f339d6ea-60fb-4807-ae1c-bed7ad1720b1: (7,KeyLookupResponse(mainClass,Vector(AttributeKey[scala.Option[java.lang.String]]("mainClass") in Scope(Build: file:/home/ignacio/workspace/play/play-java/, , Project: ProjectReference(file:/home/ignacio/workspace/play/play-java/,root), Config: compile))))
Got request: KeyLookupRequest(discoveredMainClasses)
Reading next message from client.
Sending msg to client activator-f339d6ea-60fb-4807-ae1c-bed7ad1720b1: (8,KeyLookupResponse(discoveredMainClasses,Vector(AttributeKey[scala.collection.Seq[java.lang.String]]("discoveredMainClasses") in Scope(Build: file:/home/ignacio/workspace/play/play-java/, , Project: ProjectReference(file:/home/ignacio/workspace/play/play-java/,root), Config: compile))))
Got request: KeyLookupRequest(mainClass)
Reading next message from client.
Sending msg to client activator-f339d6ea-60fb-4807-ae1c-bed7ad1720b1: (9,KeyLookupResponse(mainClass,Vector(AttributeKey[scala.Option[java.lang.String]]("mainClass") in Scope(Build: file:/home/ignacio/workspace/play/play-java/, , Project: ProjectReference(file:/home/ignacio/workspace/play/play-java/,root), Config: compile))))
Got request: ListenToValue(AttributeKey[scala.collection.Seq[java.lang.String]]("discoveredMainClasses") in Scope(Build: file:/home/ignacio/workspace/play/play-java/, , Project: ProjectReference(file:/home/ignacio/workspace/play/play-java/,root), Config: compile))
Reading next message from client.
Sending msg to client activator-f339d6ea-60fb-4807-ae1c-bed7ad1720b1: (10,ReceivedResponse())
Got request: SendSyntheticValueChanged(AttributeKey[scala.collection.Seq[java.lang.String]]("discoveredMainClasses") in Scope(Build: file:/home/ignacio/workspace/play/play-java/, , Project: ProjectReference(file:/home/ignacio/workspace/play/play-java/,root), Config: compile))
Reading next message from client.
Got request: ListenToValue(AttributeKey[scala.Option[java.lang.String]]("mainClass") in Scope(Build: file:/home/ignacio/workspace/play/play-java/, , Project: ProjectReference(file:/home/ignacio/workspace/play/play-java/,root), Config: compile))
Reading next message from client.
Sending msg to client activator-f339d6ea-60fb-4807-ae1c-bed7ad1720b1: ExecutionWaiting(5,{file:/home/ignacio/workspace/play/play-java/}root/compile:discoveredMainClasses,ClientInfo(f339d6ea-60fb-4807-ae1c-bed7ad1720b1,activator,Activator,unknown,Vector()))
Got request: SendSyntheticValueChanged(AttributeKey[scala.Option[java.lang.String]]("mainClass") in Scope(Build: file:/home/ignacio/workspace/play/play-java/, , Project: ProjectReference(file:/home/ignacio/workspace/play/play-java/,root), Config: compile))
Reading next message from client.
Sending msg to client activator-f339d6ea-60fb-4807-ae1c-bed7ad1720b1: (11,ReceivedResponse())
Sending msg to client activator-f339d6ea-60fb-4807-ae1c-bed7ad1720b1: ExecutionStarting(5)
Sending msg to client activator-f339d6ea-60fb-4807-ae1c-bed7ad1720b1: (12,ReceivedResponse())
Sending msg to client activator-f339d6ea-60fb-4807-ae1c-bed7ad1720b1: DetachedLogEvent(LogMessage(debug,> {file:/home/ignacio/workspace/play/play-java/}root/compile:discoveredMainClasses))
Sending msg to client activator-f339d6ea-60fb-4807-ae1c-bed7ad1720b1: ExecutionWaiting(6,{file:/home/ignacio/workspace/play/play-java/}root/compile:mainClass,ClientInfo(f339d6ea-60fb-4807-ae1c-bed7ad1720b1,activator,Activator,unknown,Vector()))
Sending msg to client activator-f339d6ea-60fb-4807-ae1c-bed7ad1720b1: (13,ReceivedResponse())
Sending msg to client activator-f339d6ea-60fb-4807-ae1c-bed7ad1720b1: DetachedLogEvent(LogMessage(debug,Evaluating tasks: compile:discoveredMainClasses))
Sending msg to client activator-f339d6ea-60fb-4807-ae1c-bed7ad1720b1: DetachedLogEvent(LogMessage(debug,Running task... Cancel: sbt.server.ServerTaskCancellation@9e2c73e, check cycles: false))
Sending msg to client activator-f339d6ea-60fb-4807-ae1c-bed7ad1720b1: DetachedLogEvent(LogMessage(debug,cancel strategy start enabled=true lastCommand=Some(LastCommand(CommandExecutionWork(ExecutionId(5),{file:/home/ignacio/workspace/play/play-java/}root/compile:discoveredMainClasses,Set(LiveClient(activator f339d6ea-60fb-4807-ae1c-bed7ad1720b1)),sbt.server.WorkCancellationStatus$$anon$1@46af52df)))))
Sending msg to client activator-f339d6ea-60fb-4807-ae1c-bed7ad1720b1: TaskStarted(5,302,Some(AttributeKey[scala.Function1[java.io.File,scala.Function1[java.lang.String,boolean]]]("definesClass") in Scope(Global)))
Sending msg to client activator-f339d6ea-60fb-4807-ae1c-bed7ad1720b1: TaskStarted(5,311,None)
Sending msg to client activator-f339d6ea-60fb-4807-ae1c-bed7ad1720b1: TaskStarted(5,313,None)
Sending msg to client activator-f339d6ea-60fb-4807-ae1c-bed7ad1720b1: TaskStarted(5,318,None)
Sending msg to client activator-f339d6ea-60fb-4807-ae1c-bed7ad1720b1: TaskStarted(5,320,None)
Sending msg to client activator-f339d6ea-60fb-4807-ae1c-bed7ad1720b1: TaskStarted(5,321,None)
Sending msg to client activator-f339d6ea-60fb-4807-ae1c-bed7ad1720b1: TaskStarted(5,324,Some(AttributeKey[java.lang.String]("updateCacheName") in Scope(Build: file:/home/ignacio/workspace/play/play-java/, , Project: ProjectReference(file:/home/ignacio/workspace/play/play-java/,root))))
Sending msg to client activator-f339d6ea-60fb-4807-ae1c-bed7ad1720b1: TaskStarted(5,337,Some(AttributeKey[scala.Option[scala.collection.Seq[sbt.Resolver]]]("bootResolvers") in Scope(Build: file:/home/ignacio/workspace/play/play-java/, , Project: ProjectReference(file:/home/ignacio/workspace/play/play-java/,root))))
Sending msg to client activator-f339d6ea-60fb-4807-ae1c-bed7ad1720b1: TaskStarted(5,338,Some(AttributeKey[scala.collection.Seq[sbt.Resolver]]("externalResolvers") in Scope(Build: file:/home/ignacio/workspace/play/play-java/, , Project: ProjectReference(file:/home/ignacio/workspace/play/play-java/,root))))
Sending msg to client activator-f339d6ea-60fb-4807-ae1c-bed7ad1720b1: TaskStarted(5,340,Some(AttributeKey[scala.collection.Seq[sbt.Credentials]]("credentials") in Scope(Global)))
Sending msg to client activator-f339d6ea-60fb-4807-ae1c-bed7ad1720b1: TaskStarted(5,342,None)
Sending msg to client activator-f339d6ea-60fb-4807-ae1c-bed7ad1720b1: TaskStarted(5,345,Some(AttributeKey[boolean]("skip") in Scope(Global)))
Sending msg to client activator-f339d6ea-60fb-4807-ae1c-bed7ad1720b1: TaskStarted(5,347,None)
Sending msg to client activator-f339d6ea-60fb-4807-ae1c-bed7ad1720b1: TaskStarted(5,354,Some(AttributeKey[java.lang.String]("compileAnalysisFilename") in Scope(Build: file:/home/ignacio/workspace/play/play-java/, , Project: ProjectReference(file:/home/ignacio/workspace/play/play-java/,root), Config: compile)))
Sending msg to client activator-f339d6ea-60fb-4807-ae1c-bed7ad1720b1: TaskStarted(5,357,Some(AttributeKey[sbt.inc.IncOptions]("incOptions") in Scope(Global)))
Sending msg to client activator-f339d6ea-60fb-4807-ae1c-bed7ad1720b1: TaskStarted(5,365,Some(AttributeKey[scala.collection.Seq[java.io.File]]("unmanagedSources") in Scope(Build: file:/home/ignacio/workspace/play/play-java/, , Project: ProjectReference(file:/home/ignacio/workspace/play/play-java/,root), Config: compile)))
Sending msg to client activator-f339d6ea-60fb-4807-ae1c-bed7ad1720b1: TaskStarted(5,373,None)
Sending msg to client activator-f339d6ea-60fb-4807-ae1c-bed7ad1720b1: TaskStarted(5,374,Some(AttributeKey[scala.collection.Seq[java.io.File]]("sources") in Scope(Build: file:/home/ignacio/workspace/play/play-java/, , Project: ProjectReference(file:/home/ignacio/workspace/play/play-java/,root), Config: compile, Task: AttributeKey[scala.collection.Seq[java.io.File]]("playRoutes"))))
Sending msg to client activator-f339d6ea-60fb-4807-ae1c-bed7ad1720b1: TaskStarted(5,379,None)
Sending msg to client activator-f339d6ea-60fb-4807-ae1c-bed7ad1720b1: TaskStarted(5,380,Some(AttributeKey[scala.collection.Seq[java.lang.String]]("scalacOptions") in Scope(Global)))
Sending msg to client activator-f339d6ea-60fb-4807-ae1c-bed7ad1720b1: TaskStarted(5,386,Some(AttributeKey[scala.collection.Seq[scala.Function1[xsbti.Position,scala.Option[xsbti.Position]]]]("sourcePositionMappers") in Scope(Global)))
Sending msg to client activator-f339d6ea-60fb-4807-ae1c-bed7ad1720b1: TaskStarted(5,387,None)
Sending msg to client activator-f339d6ea-60fb-4807-ae1c-bed7ad1720b1: TaskStarted(5,391,None)
Sending msg to client activator-f339d6ea-60fb-4807-ae1c-bed7ad1720b1: TaskStarted(5,392,Some(AttributeKey[scala.collection.Seq[java.lang.String]]("javacOptions") in Scope(Global)))
Sending msg to client activator-f339d6ea-60fb-4807-ae1c-bed7ad1720b1: TaskStarted(5,395,None)
Sending msg to client activator-f339d6ea-60fb-4807-ae1c-bed7ad1720b1: TaskStarted(5,399,Some(AttributeKey[sbt.SendEventService]("sendEventService") in Scope(Global)))
Sending msg to client activator-f339d6ea-60fb-4807-ae1c-bed7ad1720b1: TaskFinished(5,302,Some(AttributeKey[scala.Function1[java.io.File,scala.Function1[java.lang.String,boolean]]]("definesClass") in Scope(Global)),true,None)
Sending msg to client activator-f339d6ea-60fb-4807-ae1c-bed7ad1720b1: TaskFinished(5,313,None,true,None)
Sending msg to client activator-f339d6ea-60fb-4807-ae1c-bed7ad1720b1: TaskStarted(5,312,None)
Sending msg to client activator-f339d6ea-60fb-4807-ae1c-bed7ad1720b1: TaskStarted(5,325,None)
Sending msg to client activator-f339d6ea-60fb-4807-ae1c-bed7ad1720b1: TaskStarted(5,331,None)
Sending msg to client activator-f339d6ea-60fb-4807-ae1c-bed7ad1720b1: TaskStarted(5,336,None)
Sending msg to client activator-f339d6ea-60fb-4807-ae1c-bed7ad1720b1: TaskStarted(5,339,None)
Sending msg to client activator-f339d6ea-60fb-4807-ae1c-bed7ad1720b1: TaskStarted(5,344,None)
Sending msg to client activator-f339d6ea-60fb-4807-ae1c-bed7ad1720b1: TaskStarted(5,348,None)
Sending msg to client activator-f339d6ea-60fb-4807-ae1c-bed7ad1720b1: TaskStarted(5,349,None)
Sending msg to client activator-f339d6ea-60fb-4807-ae1c-bed7ad1720b1: TaskStarted(5,351,None)
Sending msg to client activator-f339d6ea-60fb-4807-ae1c-bed7ad1720b1: TaskStarted(5,353,None)
Sending msg to client activator-f339d6ea-60fb-4807-ae1c-bed7ad1720b1: TaskStarted(5,355,None)
Sending msg to client activator-f339d6ea-60fb-4807-ae1c-bed7ad1720b1: TaskStarted(5,369,None)
Sending msg to client activator-f339d6ea-60fb-4807-ae1c-bed7ad1720b1: TaskStarted(5,381,None)
Sending msg to client activator-f339d6ea-60fb-4807-ae1c-bed7ad1720b1: TaskStarted(5,382,None)
Sending msg to client activator-f339d6ea-60fb-4807-ae1c-bed7ad1720b1: TaskStarted(5,396,None)
Sending msg to client activator-f339d6ea-60fb-4807-ae1c-bed7ad1720b1: TaskStarted(5,398,None)
Sending msg to client activator-f339d6ea-60fb-4807-ae1c-bed7ad1720b1: TaskStarted(5,400,None)
Sending msg to client activator-f339d6ea-60fb-4807-ae1c-bed7ad1720b1: TaskStarted(5,403,None)
Sending msg to client activator-f339d6ea-60fb-4807-ae1c-bed7ad1720b1: TaskStarted(5,405,None)
Sending msg to client activator-f339d6ea-60fb-4807-ae1c-bed7ad1720b1: TaskFinished(5,311,None,true,None)
Sending msg to client activator-f339d6ea-60fb-4807-ae1c-bed7ad1720b1: TaskStarted(5,310,Some(AttributeKey[sbt.BuildStructure]("buildStructure") in Scope(Global)))
Sending msg to client activator-f339d6ea-60fb-4807-ae1c-bed7ad1720b1: TaskStarted(5,343,Some(AttributeKey[java.io.File]("dependencyCacheDirectory") in Scope(Build: file:/home/ignacio/workspace/play/play-java/, , Project: ProjectReference(file:/home/ignacio/workspace/play/play-java/,root))))
Sending msg to client activator-f339d6ea-60fb-4807-ae1c-bed7ad1720b1: TaskStarted(5,358,Some(AttributeKey[xsbti.compile.GlobalsCache]("compilerCache") in Scope(Global)))
Sending msg to client activator-f339d6ea-60fb-4807-ae1c-bed7ad1720b1: TaskFinished(5,320,None,true,None)
Sending msg to client activator-f339d6ea-60fb-4807-ae1c-bed7ad1720b1: TaskFinished(5,318,None,true,None)
Sending msg to client activator-f339d6ea-60fb-4807-ae1c-bed7ad1720b1: TaskFinished(5,321,None,true,None)
Sending msg to client activator-f339d6ea-60fb-4807-ae1c-bed7ad1720b1: TaskStarted(5,319,Some(AttributeKey[scala.collection.Seq[sbt.UpdateReport]]("transitiveUpdate") in Scope(Build: file:/home/ignacio/workspace/play/play-java/, , Project: ProjectReference(file:/home/ignacio/workspace/play/play-java/,root))))
Sending msg to client activator-f339d6ea-60fb-4807-ae1c-bed7ad1720b1: TaskFinished(5,324,Some(AttributeKey[java.lang.String]("updateCacheName") in Scope(Build: file:/home/ignacio/workspace/play/play-java/, , Project: ProjectReference(file:/home/ignacio/workspace/play/play-java/,root))),true,None)
Sending msg to client activator-f339d6ea-60fb-4807-ae1c-bed7ad1720b1: TaskFinished(5,337,Some(AttributeKey[scala.Option[scala.collection.Seq[sbt.Resolver]]]("bootResolvers") in Scope(Build: file:/home/ignacio/workspace/play/play-java/, , Project: ProjectReference(file:/home/ignacio/workspace/play/play-java/,root))),true,None)
Sending msg to client activator-f339d6ea-60fb-4807-ae1c-bed7ad1720b1: TaskFinished(5,338,Some(AttributeKey[scala.collection.Seq[sbt.Resolver]]("externalResolvers") in Scope(Build: file:/home/ignacio/workspace/play/play-java/, , Project: ProjectReference(file:/home/ignacio/workspace/play/play-java/,root))),true,None)
Sending msg to client activator-f339d6ea-60fb-4807-ae1c-bed7ad1720b1: TaskFinished(5,340,Some(AttributeKey[scala.collection.Seq[sbt.Credentials]]("credentials") in Scope(Global)),true,None)
Sending msg to client activator-f339d6ea-60fb-4807-ae1c-bed7ad1720b1: TaskFinished(5,342,None,true,None)
Sending msg to client activator-f339d6ea-60fb-4807-ae1c-bed7ad1720b1: TaskFinished(5,345,Some(AttributeKey[boolean]("skip") in Scope(Global)),true,None)
Sending msg to client activator-f339d6ea-60fb-4807-ae1c-bed7ad1720b1: TaskFinished(5,347,None,true,None)
Sending msg to client activator-f339d6ea-60fb-4807-ae1c-bed7ad1720b1: TaskFinished(5,357,Some(AttributeKey[sbt.inc.IncOptions]("incOptions") in Scope(Global)),true,None)
Sending msg to client activator-f339d6ea-60fb-4807-ae1c-bed7ad1720b1: TaskStarted(5,356,Some(AttributeKey[sbt.inc.IncOptions]("incOptions") in Scope(Build: file:/home/ignacio/workspace/play/play-java/, , Project: ProjectReference(file:/home/ignacio/workspace/play/play-java/,root))))
Sending msg to client activator-f339d6ea-60fb-4807-ae1c-bed7ad1720b1: TaskFinished(5,354,Some(AttributeKey[java.lang.String]("compileAnalysisFilename") in Scope(Build: file:/home/ignacio/workspace/play/play-java/, , Project: ProjectReference(file:/home/ignacio/workspace/play/play-java/,root), Config: compile)),true,None)
Sending msg to client activator-f339d6ea-60fb-4807-ae1c-bed7ad1720b1: TaskFinished(5,374,Some(AttributeKey[scala.collection.Seq[java.io.File]]("sources") in Scope(Build: file:/home/ignacio/workspace/play/play-java/, , Project: ProjectReference(file:/home/ignacio/workspace/play/play-java/,root), Config: compile, Task: AttributeKey[scala.collection.Seq[java.io.File]]("playRoutes"))),true,None)
Sending msg to client activator-f339d6ea-60fb-4807-ae1c-bed7ad1720b1: TaskFinished(5,380,Some(AttributeKey[scala.collection.Seq[java.lang.String]]("scalacOptions") in Scope(Global)),true,None)
Sending msg to client activator-f339d6ea-60fb-4807-ae1c-bed7ad1720b1: TaskFinished(5,386,Some(AttributeKey[scala.collection.Seq[scala.Function1[xsbti.Position,scala.Option[xsbti.Position]]]]("sourcePositionMappers") in Scope(Global)),true,None)
Sending msg to client activator-f339d6ea-60fb-4807-ae1c-bed7ad1720b1: TaskFinished(5,387,None,true,None)
Sending msg to client activator-f339d6ea-60fb-4807-ae1c-bed7ad1720b1: TaskFinished(5,365,Some(AttributeKey[scala.collection.Seq[java.io.File]]("unmanagedSources") in Scope(Build: file:/home/ignacio/workspace/play/play-java/, , Project: ProjectReference(file:/home/ignacio/workspace/play/play-java/,root), Config: compile)),true,None)
Sending msg to client activator-f339d6ea-60fb-4807-ae1c-bed7ad1720b1: TaskStarted(5,364,Some(AttributeKey[scala.collection.Seq[java.io.File]]("unmanagedSources") in Scope(Build: file:/home/ignacio/workspace/play/play-java/, , Project: ProjectReference(file:/home/ignacio/workspace/play/play-java/,root), Config: compile)))
Sending msg to client activator-f339d6ea-60fb-4807-ae1c-bed7ad1720b1: TaskFinished(5,392,Some(AttributeKey[scala.collection.Seq[java.lang.String]]("javacOptions") in Scope(Global)),true,None)
Sending msg to client activator-f339d6ea-60fb-4807-ae1c-bed7ad1720b1: TaskFinished(5,373,None,true,None)
Sending msg to client activator-f339d6ea-60fb-4807-ae1c-bed7ad1720b1: TaskStarted(5,372,Some(AttributeKey[scala.collection.Seq[java.io.File]]("sources") in Scope(Build: file:/home/ignacio/workspace/play/play-java/, , Project: ProjectReference(file:/home/ignacio/workspace/play/play-java/,root), Config: compile, Task: AttributeKey[scala.collection.Seq[java.io.File]]("playRoutes"))))
Sending msg to client activator-f339d6ea-60fb-4807-ae1c-bed7ad1720b1: TaskFinished(5,391,None,true,None)
Sending msg to client activator-f339d6ea-60fb-4807-ae1c-bed7ad1720b1: TaskStarted(5,390,Some(AttributeKey[scala.collection.Seq[java.lang.String]]("javacOptions") in Scope(Build: file:/home/ignacio/workspace/play/play-java/, , Project: ProjectReference(file:/home/ignacio/workspace/play/play-java/,root), Config: compile)))
Sending msg to client activator-f339d6ea-60fb-4807-ae1c-bed7ad1720b1: TaskFinished(5,312,None,true,None)
Sending msg to client activator-f339d6ea-60fb-4807-ae1c-bed7ad1720b1: TaskFinished(5,379,None,true,None)
Sending msg to client activator-f339d6ea-60fb-4807-ae1c-bed7ad1720b1: TaskStarted(5,378,Some(AttributeKey[scala.collection.Seq[java.lang.String]]("scalacOptions") in Scope(Build: file:/home/ignacio/workspace/play/play-java/, , Project: ProjectReference(file:/home/ignacio/workspace/play/play-java/,root))))
Sending msg to client activator-f339d6ea-60fb-4807-ae1c-bed7ad1720b1: TaskFinished(5,399,Some(AttributeKey[sbt.SendEventService]("sendEventService") in Scope(Global)),true,None)
Sending msg to client activator-f339d6ea-60fb-4807-ae1c-bed7ad1720b1: TaskFinished(5,336,None,true,None)
Sending msg to client activator-f339d6ea-60fb-4807-ae1c-bed7ad1720b1: TaskFinished(5,339,None,true,None)
Sending msg to client activator-f339d6ea-60fb-4807-ae1c-bed7ad1720b1: TaskFinished(5,344,None,true,None)
Sending msg to client activator-f339d6ea-60fb-4807-ae1c-bed7ad1720b1: TaskFinished(5,395,None,true,None)
Sending msg to client activator-f339d6ea-60fb-4807-ae1c-bed7ad1720b1: TaskFinished(5,349,None,true,None)
Sending msg to client activator-f339d6ea-60fb-4807-ae1c-bed7ad1720b1: TaskFinished(5,348,None,true,None)
Sending msg to client activator-f339d6ea-60fb-4807-ae1c-bed7ad1720b1: TaskFinished(5,351,None,true,None)
Sending msg to client activator-f339d6ea-60fb-4807-ae1c-bed7ad1720b1: TaskFinished(5,355,None,true,None)
Sending msg to client activator-f339d6ea-60fb-4807-ae1c-bed7ad1720b1: TaskFinished(5,369,None,true,None)
Sending msg to client activator-f339d6ea-60fb-4807-ae1c-bed7ad1720b1: TaskFinished(5,381,None,true,None)
Sending msg to client activator-f339d6ea-60fb-4807-ae1c-bed7ad1720b1: TaskFinished(5,382,None,true,None)
Sending msg to client activator-f339d6ea-60fb-4807-ae1c-bed7ad1720b1: TaskFinished(5,396,None,true,None)
Sending msg to client activator-f339d6ea-60fb-4807-ae1c-bed7ad1720b1: TaskFinished(5,398,None,true,None)
Sending msg to client activator-f339d6ea-60fb-4807-ae1c-bed7ad1720b1: TaskFinished(5,331,None,true,None)
Sending msg to client activator-f339d6ea-60fb-4807-ae1c-bed7ad1720b1: TaskFinished(5,400,None,true,None)
Sending msg to client activator-f339d6ea-60fb-4807-ae1c-bed7ad1720b1: TaskFinished(5,403,None,true,None)
Sending msg to client activator-f339d6ea-60fb-4807-ae1c-bed7ad1720b1: TaskFinished(5,310,Some(AttributeKey[sbt.BuildStructure]("buildStructure") in Scope(Global)),true,None)
Sending msg to client activator-f339d6ea-60fb-4807-ae1c-bed7ad1720b1: TaskStarted(5,309,Some(AttributeKey[sbt.Settings[sbt.Scope]]("settingsData") in Scope(Global)))
Sending msg to client activator-f339d6ea-60fb-4807-ae1c-bed7ad1720b1: TaskFinished(5,405,None,true,None)
Sending msg to client activator-f339d6ea-60fb-4807-ae1c-bed7ad1720b1: TaskFinished(5,358,Some(AttributeKey[xsbti.compile.GlobalsCache]("compilerCache") in Scope(Global)),true,None)
Sending msg to client activator-f339d6ea-60fb-4807-ae1c-bed7ad1720b1: TaskFinished(5,325,None,true,None)
Sending msg to client activator-f339d6ea-60fb-4807-ae1c-bed7ad1720b1: TaskStarted(5,323,Some(AttributeKey[scala.collection.immutable.Map[sbt.ModuleID,sbt.SourcePosition]]("dependencyPositions") in Scope(Build: file:/home/ignacio/workspace/play/play-java/, , Project: ProjectReference(file:/home/ignacio/workspace/play/play-java/,root))))
Sending msg to client activator-f339d6ea-60fb-4807-ae1c-bed7ad1720b1: TaskFinished(5,353,None,true,None)
Sending msg to client activator-f339d6ea-60fb-4807-ae1c-bed7ad1720b1: TaskFinished(5,364,Some(AttributeKey[scala.collection.Seq[java.io.File]]("unmanagedSources") in Scope(Build: file:/home/ignacio/workspace/play/play-java/, , Project: ProjectReference(file:/home/ignacio/workspace/play/play-java/,root), Config: compile)),true,None)
Sending msg to client activator-f339d6ea-60fb-4807-ae1c-bed7ad1720b1: TaskStarted(5,406,Some(AttributeKey[scala.collection.Seq[java.io.File]]("sources") in Scope(Build: file:/home/ignacio/workspace/play/play-java/, , Project: ProjectReference(file:/home/ignacio/workspace/play/play-java/,root), Config: compile, Task: AttributeKey[scala.Function1[sbt.compiler.IC$Result,sbt.compiler.IC$Result]]("playEnhancerGenerateAccessors"))))
Sending msg to client activator-f339d6ea-60fb-4807-ae1c-bed7ad1720b1: TaskFinished(5,343,Some(AttributeKey[java.io.File]("dependencyCacheDirectory") in Scope(Build: file:/home/ignacio/workspace/play/play-java/, , Project: ProjectReference(file:/home/ignacio/workspace/play/play-java/,root))),true,None)
Sending msg to client activator-f339d6ea-60fb-4807-ae1c-bed7ad1720b1: TaskFinished(5,372,Some(AttributeKey[scala.collection.Seq[java.io.File]]("sources") in Scope(Build: file:/home/ignacio/workspace/play/play-java/, , Project: ProjectReference(file:/home/ignacio/workspace/play/play-java/,root), Config: compile, Task: AttributeKey[scala.collection.Seq[java.io.File]]("playRoutes"))),true,None)
Sending msg to client activator-f339d6ea-60fb-4807-ae1c-bed7ad1720b1: TaskStarted(5,371,None)
Sending msg to client activator-f339d6ea-60fb-4807-ae1c-bed7ad1720b1: TaskFinished(5,390,Some(AttributeKey[scala.collection.Seq[java.lang.String]]("javacOptions") in Scope(Build: file:/home/ignacio/workspace/play/play-java/, , Project: ProjectReference(file:/home/ignacio/workspace/play/play-java/,root), Config: compile)),true,None)
Sending msg to client activator-f339d6ea-60fb-4807-ae1c-bed7ad1720b1: TaskFinished(5,319,Some(AttributeKey[scala.collection.Seq[sbt.UpdateReport]]("transitiveUpdate") in Scope(Build: file:/home/ignacio/workspace/play/play-java/, , Project: ProjectReference(file:/home/ignacio/workspace/play/play-java/,root))),true,None)
Sending msg to client activator-f339d6ea-60fb-4807-ae1c-bed7ad1720b1: TaskFinished(5,378,Some(AttributeKey[scala.collection.Seq[java.lang.String]]("scalacOptions") in Scope(Build: file:/home/ignacio/workspace/play/play-java/, , Project: ProjectReference(file:/home/ignacio/workspace/play/play-java/,root))),true,None)
Sending msg to client activator-f339d6ea-60fb-4807-ae1c-bed7ad1720b1: TaskStarted(5,377,Some(AttributeKey[java.lang.String]("twirlSourceEncoding") in Scope(Build: file:/home/ignacio/workspace/play/play-java/, , Project: ProjectReference(file:/home/ignacio/workspace/play/play-java/,root))))
Sending msg to client activator-f339d6ea-60fb-4807-ae1c-bed7ad1720b1: TaskFinished(5,309,Some(AttributeKey[sbt.Settings[sbt.Scope]]("settingsData") in Scope(Global)),true,None)
Sending msg to client activator-f339d6ea-60fb-4807-ae1c-bed7ad1720b1: TaskStarted(5,308,None)
Sending msg to client activator-f339d6ea-60fb-4807-ae1c-bed7ad1720b1: TaskStarted(5,329,Some(AttributeKey[scala.collection.Seq[sbt.ModuleID]]("projectDependencies") in Scope(Build: file:/home/ignacio/workspace/play/play-java/, , Project: ProjectReference(file:/home/ignacio/workspace/play/play-java/,root))))
Sending msg to client activator-f339d6ea-60fb-4807-ae1c-bed7ad1720b1: TaskStarted(5,335,Some(AttributeKey[scala.collection.immutable.Map[org.apache.ivy.core.module.id.ModuleRevisionId,org.apache.ivy.core.module.descriptor.ModuleDescriptor]]("projectDescriptors") in Scope(Build: file:/home/ignacio/workspace/play/play-java/, , Project: ProjectReference(file:/home/ignacio/workspace/play/play-java/,root))))
Sending msg to client activator-f339d6ea-60fb-4807-ae1c-bed7ad1720b1: TaskStarted(5,341,None)
Sending msg to client activator-f339d6ea-60fb-4807-ae1c-bed7ad1720b1: TaskStarted(5,389,None)
Sending msg to client activator-f339d6ea-60fb-4807-ae1c-bed7ad1720b1: TaskStarted(5,394,Some(AttributeKey[sbt.ScalaInstance]("scalaInstance") in Scope(Build: file:/home/ignacio/workspace/play/play-java/, , Project: ProjectReference(file:/home/ignacio/workspace/play/play-java/,root))))
Sending msg to client activator-f339d6ea-60fb-4807-ae1c-bed7ad1720b1: TaskFinished(5,323,Some(AttributeKey[scala.collection.immutable.Map[sbt.ModuleID,sbt.SourcePosition]]("dependencyPositions") in Scope(Build: file:/home/ignacio/workspace/play/play-java/, , Project: ProjectReference(file:/home/ignacio/workspace/play/play-java/,root))),true,None)
Sending msg to client activator-f339d6ea-60fb-4807-ae1c-bed7ad1720b1: TaskStarted(5,322,Some(AttributeKey[sbt.UnresolvedWarningConfiguration]("unresolvedWarningConfiguration") in Scope(Build: file:/home/ignacio/workspace/play/play-java/, , Project: ProjectReference(file:/home/ignacio/workspace/play/play-java/,root), Task: AttributeKey[sbt.UpdateReport]("update"))))
Sending msg to client activator-f339d6ea-60fb-4807-ae1c-bed7ad1720b1: TaskFinished(5,356,Some(AttributeKey[sbt.inc.IncOptions]("incOptions") in Scope(Build: file:/home/ignacio/workspace/play/play-java/, , Project: ProjectReference(file:/home/ignacio/workspace/play/play-java/,root))),true,None)
Sending msg to client activator-f339d6ea-60fb-4807-ae1c-bed7ad1720b1: TaskStarted(5,411,None)
Sending msg to client activator-f339d6ea-60fb-4807-ae1c-bed7ad1720b1: TaskStarted(5,413,None)
Sending msg to client activator-f339d6ea-60fb-4807-ae1c-bed7ad1720b1: TaskStarted(5,414,None)
Sending msg to client activator-f339d6ea-60fb-4807-ae1c-bed7ad1720b1: TaskFinished(5,329,Some(AttributeKey[scala.collection.Seq[sbt.ModuleID]]("projectDependencies") in Scope(Build: file:/home/ignacio/workspace/play/play-java/, , Project: ProjectReference(file:/home/ignacio/workspace/play/play-java/,root))),true,None)
Sending msg to client activator-f339d6ea-60fb-4807-ae1c-bed7ad1720b1: TaskStarted(5,328,Some(AttributeKey[scala.collection.Seq[sbt.ModuleID]]("allDependencies") in Scope(Build: file:/home/ignacio/workspace/play/play-java/, , Project: ProjectReference(file:/home/ignacio/workspace/play/play-java/,root))))
Sending msg to client activator-f339d6ea-60fb-4807-ae1c-bed7ad1720b1: TaskStarted(5,416,None)
Sending msg to client activator-f339d6ea-60fb-4807-ae1c-bed7ad1720b1: TaskStarted(5,417,None)
Sending msg to client activator-f339d6ea-60fb-4807-ae1c-bed7ad1720b1: TaskStarted(5,419,None)
Sending msg to client activator-f339d6ea-60fb-4807-ae1c-bed7ad1720b1: TaskFinished(5,322,Some(AttributeKey[sbt.UnresolvedWarningConfiguration]("unresolvedWarningConfiguration") in Scope(Build: file:/home/ignacio/workspace/play/play-java/, , Project: ProjectReference(file:/home/ignacio/workspace/play/play-java/,root), Task: AttributeKey[sbt.UpdateReport]("update"))),true,None)
Sending msg to client activator-f339d6ea-60fb-4807-ae1c-bed7ad1720b1: TaskFinished(5,411,None,true,None)
Sending msg to client activator-f339d6ea-60fb-4807-ae1c-bed7ad1720b1: TaskStarted(5,410,None)
Sending msg to client activator-f339d6ea-60fb-4807-ae1c-bed7ad1720b1: TaskFinished(5,413,None,true,None)
Sending msg to client activator-f339d6ea-60fb-4807-ae1c-bed7ad1720b1: TaskFinished(5,414,None,true,None)
Sending msg to client activator-f339d6ea-60fb-4807-ae1c-bed7ad1720b1: TaskStarted(5,412,Some(AttributeKey[scala.collection.Seq[sbt.Attributed[java.io.File]]]("unmanagedJars") in Scope(Build: file:/home/ignacio/workspace/play/play-java/, , Project: ProjectReference(file:/home/ignacio/workspace/play/play-java/,root), Config: compile)))
Sending msg to client activator-f339d6ea-60fb-4807-ae1c-bed7ad1720b1: TaskFinished(5,328,Some(AttributeKey[scala.collection.Seq[sbt.ModuleID]]("allDependencies") in Scope(Build: file:/home/ignacio/workspace/play/play-java/, , Project: ProjectReference(file:/home/ignacio/workspace/play/play-java/,root))),true,None)
Sending msg to client activator-f339d6ea-60fb-4807-ae1c-bed7ad1720b1: TaskStarted(5,327,Some(AttributeKey[sbt.ModuleSettings]("moduleSettings") in Scope(Build: file:/home/ignacio/workspace/play/play-java/, , Project: ProjectReference(file:/home/ignacio/workspace/play/play-java/,root))))
Sending msg to client activator-f339d6ea-60fb-4807-ae1c-bed7ad1720b1: TaskFinished(5,416,None,true,None)
Sending msg to client activator-f339d6ea-60fb-4807-ae1c-bed7ad1720b1: TaskStarted(5,415,None)
Sending msg to client activator-f339d6ea-60fb-4807-ae1c-bed7ad1720b1: TaskFinished(5,417,None,true,None)
Sending msg to client activator-f339d6ea-60fb-4807-ae1c-bed7ad1720b1: TaskFinished(5,341,None,true,None)
Sending msg to client activator-f339d6ea-60fb-4807-ae1c-bed7ad1720b1: TaskFinished(5,419,None,true,None)
Sending msg to client activator-f339d6ea-60fb-4807-ae1c-bed7ad1720b1: TaskStarted(5,418,None)
Sending msg to client activator-f339d6ea-60fb-4807-ae1c-bed7ad1720b1: TaskStarted(5,421,None)
Sending msg to client activator-f339d6ea-60fb-4807-ae1c-bed7ad1720b1: TaskFinished(5,412,Some(AttributeKey[scala.collection.Seq[sbt.Attributed[java.io.File]]]("unmanagedJars") in Scope(Build: file:/home/ignacio/workspace/play/play-java/, , Project: ProjectReference(file:/home/ignacio/workspace/play/play-java/,root), Config: compile)),true,None)
Sending msg to client activator-f339d6ea-60fb-4807-ae1c-bed7ad1720b1: TaskFinished(5,327,Some(AttributeKey[sbt.ModuleSettings]("moduleSettings") in Scope(Build: file:/home/ignacio/workspace/play/play-java/, , Project: ProjectReference(file:/home/ignacio/workspace/play/play-java/,root))),true,None)
Sending msg to client activator-f339d6ea-60fb-4807-ae1c-bed7ad1720b1: TaskFinished(5,415,None,true,None)
Sending msg to client activator-f339d6ea-60fb-4807-ae1c-bed7ad1720b1: TaskFinished(5,335,Some(AttributeKey[scala.collection.immutable.Map[org.apache.ivy.core.module.id.ModuleRevisionId,org.apache.ivy.core.module.descriptor.ModuleDescriptor]]("projectDescriptors") in Scope(Build: file:/home/ignacio/workspace/play/play-java/, , Project: ProjectReference(file:/home/ignacio/workspace/play/play-java/,root))),true,None)
Sending msg to client activator-f339d6ea-60fb-4807-ae1c-bed7ad1720b1: TaskStarted(5,334,Some(AttributeKey[sbt.Resolver]("projectResolver") in Scope(Build: file:/home/ignacio/workspace/play/play-java/, , Project: ProjectReference(file:/home/ignacio/workspace/play/play-java/,root))))
Sending msg to client activator-f339d6ea-60fb-4807-ae1c-bed7ad1720b1: TaskFinished(5,418,None,true,None)
Sending msg to client activator-f339d6ea-60fb-4807-ae1c-bed7ad1720b1: TaskFinished(5,389,None,true,None)
Sending msg to client activator-f339d6ea-60fb-4807-ae1c-bed7ad1720b1: TaskFinished(5,421,None,true,None)
Sending msg to client activator-f339d6ea-60fb-4807-ae1c-bed7ad1720b1: TaskFinished(5,410,None,true,None)
Sending msg to client activator-f339d6ea-60fb-4807-ae1c-bed7ad1720b1: TaskStarted(5,409,Some(AttributeKey[scala.collection.Seq[sbt.Attributed[java.io.File]]]("unmanagedJars") in Scope(Build: file:/home/ignacio/workspace/play/play-java/, , Project: ProjectReference(file:/home/ignacio/workspace/play/play-java/,root), Config: compile)))
Sending msg to client activator-f339d6ea-60fb-4807-ae1c-bed7ad1720b1: TaskFinished(5,334,Some(AttributeKey[sbt.Resolver]("projectResolver") in Scope(Build: file:/home/ignacio/workspace/play/play-java/, , Project: ProjectReference(file:/home/ignacio/workspace/play/play-java/,root))),true,None)
Sending msg to client activator-f339d6ea-60fb-4807-ae1c-bed7ad1720b1: TaskStarted(5,333,Some(AttributeKey[scala.collection.Seq[sbt.Resolver]]("fullResolvers") in Scope(Build: file:/home/ignacio/workspace/play/play-java/, , Project: ProjectReference(file:/home/ignacio/workspace/play/play-java/,root))))
Sending msg to client activator-f339d6ea-60fb-4807-ae1c-bed7ad1720b1: TaskFinished(5,409,Some(AttributeKey[scala.collection.Seq[sbt.Attributed[java.io.File]]]("unmanagedJars") in Scope(Build: file:/home/ignacio/workspace/play/play-java/, , Project: ProjectReference(file:/home/ignacio/workspace/play/play-java/,root), Config: compile)),true,None)
Sending msg to client activator-f339d6ea-60fb-4807-ae1c-bed7ad1720b1: TaskStarted(5,408,None)
Sending msg to client activator-f339d6ea-60fb-4807-ae1c-bed7ad1720b1: TaskFinished(5,333,Some(AttributeKey[scala.collection.Seq[sbt.Resolver]]("fullResolvers") in Scope(Build: file:/home/ignacio/workspace/play/play-java/, , Project: ProjectReference(file:/home/ignacio/workspace/play/play-java/,root))),true,None)
Sending msg to client activator-f339d6ea-60fb-4807-ae1c-bed7ad1720b1: TaskStarted(5,332,Some(AttributeKey[sbt.IvyConfiguration]("ivyConfiguration") in Scope(Build: file:/home/ignacio/workspace/play/play-java/, , Project: ProjectReference(file:/home/ignacio/workspace/play/play-java/,root))))
Sending msg to client activator-f339d6ea-60fb-4807-ae1c-bed7ad1720b1: TaskFinished(5,408,None,true,None)
Sending msg to client activator-f339d6ea-60fb-4807-ae1c-bed7ad1720b1: TaskStarted(5,407,None)
Sending msg to client activator-f339d6ea-60fb-4807-ae1c-bed7ad1720b1: TaskFinished(5,332,Some(AttributeKey[sbt.IvyConfiguration]("ivyConfiguration") in Scope(Build: file:/home/ignacio/workspace/play/play-java/, , Project: ProjectReference(file:/home/ignacio/workspace/play/play-java/,root))),true,None)
Sending msg to client activator-f339d6ea-60fb-4807-ae1c-bed7ad1720b1: TaskStarted(5,330,Some(AttributeKey[sbt.IvySbt]("ivySbt") in Scope(Build: file:/home/ignacio/workspace/play/play-java/, , Project: ProjectReference(file:/home/ignacio/workspace/play/play-java/,root))))
Sending msg to client activator-f339d6ea-60fb-4807-ae1c-bed7ad1720b1: TaskFinished(5,407,None,true,None)
Sending msg to client activator-f339d6ea-60fb-4807-ae1c-bed7ad1720b1: TaskFinished(5,308,None,true,None)
Sending msg to client activator-f339d6ea-60fb-4807-ae1c-bed7ad1720b1: TaskStarted(5,307,Some(AttributeKey[scala.collection.Seq[sbt.Attributed[java.io.File]]]("unmanagedClasspath") in Scope(Build: file:/home/ignacio/workspace/play/play-java/, , Project: ProjectReference(file:/home/ignacio/workspace/play/play-java/,root), Config: compile)))
Sending msg to client activator-f339d6ea-60fb-4807-ae1c-bed7ad1720b1: TaskFinished(5,330,Some(AttributeKey[sbt.IvySbt]("ivySbt") in Scope(Build: file:/home/ignacio/workspace/play/play-java/, , Project: ProjectReference(file:/home/ignacio/workspace/play/play-java/,root))),true,None)
Sending msg to client activator-f339d6ea-60fb-4807-ae1c-bed7ad1720b1: TaskStarted(5,326,Some(AttributeKey[sbt.IvySbt$Module]("ivyModule") in Scope(Build: file:/home/ignacio/workspace/play/play-java/, , Project: ProjectReference(file:/home/ignacio/workspace/play/play-java/,root))))
Sending msg to client activator-f339d6ea-60fb-4807-ae1c-bed7ad1720b1: TaskFinished(5,307,Some(AttributeKey[scala.collection.Seq[sbt.Attributed[java.io.File]]]("unmanagedClasspath") in Scope(Build: file:/home/ignacio/workspace/play/play-java/, , Project: ProjectReference(file:/home/ignacio/workspace/play/play-java/,root), Config: compile)),true,None)
Sending msg to client activator-f339d6ea-60fb-4807-ae1c-bed7ad1720b1: TaskFinished(5,326,Some(AttributeKey[sbt.IvySbt$Module]("ivyModule") in Scope(Build: file:/home/ignacio/workspace/play/play-java/, , Project: ProjectReference(file:/home/ignacio/workspace/play/play-java/,root))),true,None)
Sending msg to client activator-f339d6ea-60fb-4807-ae1c-bed7ad1720b1: TaskStarted(5,317,Some(AttributeKey[sbt.UpdateReport]("update") in Scope(Build: file:/home/ignacio/workspace/play/play-java/, , Project: ProjectReference(file:/home/ignacio/workspace/play/play-java/,root))))
Sending msg to client activator-f339d6ea-60fb-4807-ae1c-bed7ad1720b1: TaskFinished(5,406,Some(AttributeKey[scala.collection.Seq[java.io.File]]("sources") in Scope(Build: file:/home/ignacio/workspace/play/play-java/, , Project: ProjectReference(file:/home/ignacio/workspace/play/play-java/,root), Config: compile, Task: AttributeKey[scala.Function1[sbt.compiler.IC$Result,sbt.compiler.IC$Result]]("playEnhancerGenerateAccessors"))),true,None)
Sending msg to client activator-f339d6ea-60fb-4807-ae1c-bed7ad1720b1: TaskFinished(5,377,Some(AttributeKey[java.lang.String]("twirlSourceEncoding") in Scope(Build: file:/home/ignacio/workspace/play/play-java/, , Project: ProjectReference(file:/home/ignacio/workspace/play/play-java/,root))),true,None)
Sending msg to client activator-f339d6ea-60fb-4807-ae1c-bed7ad1720b1: TaskStarted(5,376,None)
Sending msg to client activator-f339d6ea-60fb-4807-ae1c-bed7ad1720b1: TaskStarted(5,385,None)
Sending msg to client activator-f339d6ea-60fb-4807-ae1c-bed7ad1720b1: TaskFinished(5,317,Some(AttributeKey[sbt.UpdateReport]("update") in Scope(Build: file:/home/ignacio/workspace/play/play-java/, , Project: ProjectReference(file:/home/ignacio/workspace/play/play-java/,root))),true,None)
Sending msg to client activator-f339d6ea-60fb-4807-ae1c-bed7ad1720b1: TaskStarted(5,316,Some(AttributeKey[sbt.UpdateReport]("update") in Scope(Build: file:/home/ignacio/workspace/play/play-java/, , Project: ProjectReference(file:/home/ignacio/workspace/play/play-java/,root))))
Sending msg to client activator-f339d6ea-60fb-4807-ae1c-bed7ad1720b1: TaskFinished(5,316,Some(AttributeKey[sbt.UpdateReport]("update") in Scope(Build: file:/home/ignacio/workspace/play/play-java/, , Project: ProjectReference(file:/home/ignacio/workspace/play/play-java/,root))),true,None)
Sending msg to client activator-f339d6ea-60fb-4807-ae1c-bed7ad1720b1: TaskStarted(5,346,Some(AttributeKey[sbt.Configuration]("classpathConfiguration") in Scope(Build: file:/home/ignacio/workspace/play/play-java/, , Project: ProjectReference(file:/home/ignacio/workspace/play/play-java/,root), Config: compile)))
Sending msg to client activator-f339d6ea-60fb-4807-ae1c-bed7ad1720b1: TaskStarted(5,388,Some(AttributeKey[scala.collection.Seq[java.lang.String]]("scalacOptions") in Scope(Build: file:/home/ignacio/workspace/play/play-java/, , Project: ProjectReference(file:/home/ignacio/workspace/play/play-java/,root), Config: compile)))
Sending msg to client activator-f339d6ea-60fb-4807-ae1c-bed7ad1720b1: TaskStarted(5,420,None)
Sending msg to client activator-f339d6ea-60fb-4807-ae1c-bed7ad1720b1: TaskFinished(5,346,Some(AttributeKey[sbt.Configuration]("classpathConfiguration") in Scope(Build: file:/home/ignacio/workspace/play/play-java/, , Project: ProjectReference(file:/home/ignacio/workspace/play/play-java/,root), Config: compile)),true,None)
Sending msg to client activator-f339d6ea-60fb-4807-ae1c-bed7ad1720b1: TaskStarted(5,315,None)
Sending msg to client activator-f339d6ea-60fb-4807-ae1c-bed7ad1720b1: TaskStarted(5,352,None)
Sending msg to client activator-f339d6ea-60fb-4807-ae1c-bed7ad1720b1: TaskFinished(5,388,Some(AttributeKey[scala.collection.Seq[java.lang.String]]("scalacOptions") in Scope(Build: file:/home/ignacio/workspace/play/play-java/, , Project: ProjectReference(file:/home/ignacio/workspace/play/play-java/,root), Config: compile)),true,None)
Sending msg to client activator-f339d6ea-60fb-4807-ae1c-bed7ad1720b1: TaskFinished(5,371,None,true,None)
Sending msg to client activator-f339d6ea-60fb-4807-ae1c-bed7ad1720b1: TaskStarted(5,370,Some(AttributeKey[scala.collection.Seq[play.routes.compiler.RoutesCompiler$RoutesCompilerTask]]("playRoutesTasks") in Scope(Build: file:/home/ignacio/workspace/play/play-java/, , Project: ProjectReference(file:/home/ignacio/workspace/play/play-java/,root), Config: compile)))
Sending msg to client activator-f339d6ea-60fb-4807-ae1c-bed7ad1720b1: TaskFinished(5,385,None,true,None)
Sending msg to client activator-f339d6ea-60fb-4807-ae1c-bed7ad1720b1: TaskStarted(5,384,Some(AttributeKey[scala.collection.Seq[scala.Function1[xsbti.Position,scala.Option[xsbti.Position]]]]("sourcePositionMappers") in Scope(Build: file:/home/ignacio/workspace/play/play-java/, , Project: ProjectReference(file:/home/ignacio/workspace/play/play-java/,root))))
Sending msg to client activator-f339d6ea-60fb-4807-ae1c-bed7ad1720b1: TaskStarted(5,424,None)
Sending msg to client activator-f339d6ea-60fb-4807-ae1c-bed7ad1720b1: TaskStarted(5,425,None)
Sending msg to client activator-f339d6ea-60fb-4807-ae1c-bed7ad1720b1: TaskFinished(5,315,None,true,None)
Sending msg to client activator-f339d6ea-60fb-4807-ae1c-bed7ad1720b1: TaskStarted(5,314,Some(AttributeKey[scala.collection.Seq[sbt.Attributed[java.io.File]]]("managedClasspath") in Scope(Build: file:/home/ignacio/workspace/play/play-java/, , Project: ProjectReference(file:/home/ignacio/workspace/play/play-java/,root), Config: compile)))
Sending msg to client activator-f339d6ea-60fb-4807-ae1c-bed7ad1720b1: TaskStarted(5,427,None)
Sending msg to client activator-f339d6ea-60fb-4807-ae1c-bed7ad1720b1: TaskFinished(5,424,None,true,None)
Sending msg to client activator-f339d6ea-60fb-4807-ae1c-bed7ad1720b1: TaskFinished(5,425,None,true,None)
Sending msg to client activator-f339d6ea-60fb-4807-ae1c-bed7ad1720b1: TaskStarted(5,423,None)
Sending msg to client activator-f339d6ea-60fb-4807-ae1c-bed7ad1720b1: TaskFinished(5,314,Some(AttributeKey[scala.collection.Seq[sbt.Attributed[java.io.File]]]("managedClasspath") in Scope(Build: file:/home/ignacio/workspace/play/play-java/, , Project: ProjectReference(file:/home/ignacio/workspace/play/play-java/,root), Config: compile)),true,None)
Sending msg to client activator-f339d6ea-60fb-4807-ae1c-bed7ad1720b1: TaskStarted(5,306,None)
Sending msg to client activator-f339d6ea-60fb-4807-ae1c-bed7ad1720b1: TaskFinished(5,427,None,true,None)
Sending msg to client activator-f339d6ea-60fb-4807-ae1c-bed7ad1720b1: TaskStarted(5,426,None)
Sending msg to client activator-f339d6ea-60fb-4807-ae1c-bed7ad1720b1: TaskFinished(5,423,None,true,None)
Sending msg to client activator-f339d6ea-60fb-4807-ae1c-bed7ad1720b1: TaskStarted(5,422,None)
Sending msg to client activator-f339d6ea-60fb-4807-ae1c-bed7ad1720b1: TaskFinished(5,306,None,true,None)
Sending msg to client activator-f339d6ea-60fb-4807-ae1c-bed7ad1720b1: TaskStarted(5,305,Some(AttributeKey[scala.collection.Seq[sbt.Attributed[java.io.File]]]("externalDependencyClasspath") in Scope(Build: file:/home/ignacio/workspace/play/play-java/, , Project: ProjectReference(file:/home/ignacio/workspace/play/play-java/,root), Config: compile)))
Sending msg to client activator-f339d6ea-60fb-4807-ae1c-bed7ad1720b1: TaskFinished(5,384,Some(AttributeKey[scala.collection.Seq[scala.Function1[xsbti.Position,scala.Option[xsbti.Position]]]]("sourcePositionMappers") in Scope(Build: file:/home/ignacio/workspace/play/play-java/, , Project: ProjectReference(file:/home/ignacio/workspace/play/play-java/,root))),true,None)
Sending msg to client activator-f339d6ea-60fb-4807-ae1c-bed7ad1720b1: TaskStarted(5,383,Some(AttributeKey[scala.collection.Seq[scala.Function1[xsbti.Position,scala.Option[xsbti.Position]]]]("sourcePositionMappers") in Scope(Build: file:/home/ignacio/workspace/play/play-java/, , Project: ProjectReference(file:/home/ignacio/workspace/play/play-java/,root))))
Sending msg to client activator-f339d6ea-60fb-4807-ae1c-bed7ad1720b1: TaskFinished(5,422,None,true,None)
Sending msg to client activator-f339d6ea-60fb-4807-ae1c-bed7ad1720b1: TaskFinished(5,352,None,true,None)
Sending msg to client activator-f339d6ea-60fb-4807-ae1c-bed7ad1720b1: TaskStarted(5,350,Some(AttributeKey[scala.collection.Seq[sbt.Attributed[java.io.File]]]("internalDependencyClasspath") in Scope(Build: file:/home/ignacio/workspace/play/play-java/, , Project: ProjectReference(file:/home/ignacio/workspace/play/play-java/,root), Config: compile)))
Sending msg to client activator-f339d6ea-60fb-4807-ae1c-bed7ad1720b1: TaskFinished(5,305,Some(AttributeKey[scala.collection.Seq[sbt.Attributed[java.io.File]]]("externalDependencyClasspath") in Scope(Build: file:/home/ignacio/workspace/play/play-java/, , Project: ProjectReference(file:/home/ignacio/workspace/play/play-java/,root), Config: compile)),true,None)
Sending msg to client activator-f339d6ea-60fb-4807-ae1c-bed7ad1720b1: TaskFinished(5,383,Some(AttributeKey[scala.collection.Seq[scala.Function1[xsbti.Position,scala.Option[xsbti.Position]]]]("sourcePositionMappers") in Scope(Build: file:/home/ignacio/workspace/play/play-java/, , Project: ProjectReference(file:/home/ignacio/workspace/play/play-java/,root))),true,None)
Sending msg to client activator-f339d6ea-60fb-4807-ae1c-bed7ad1720b1: TaskFinished(5,350,Some(AttributeKey[scala.collection.Seq[sbt.Attributed[java.io.File]]]("internalDependencyClasspath") in Scope(Build: file:/home/ignacio/workspace/play/play-java/, , Project: ProjectReference(file:/home/ignacio/workspace/play/play-java/,root), Config: compile)),true,None)
Sending msg to client activator-f339d6ea-60fb-4807-ae1c-bed7ad1720b1: TaskStarted(5,304,None)
Sending msg to client activator-f339d6ea-60fb-4807-ae1c-bed7ad1720b1: TaskFinished(5,304,None,true,None)
Sending msg to client activator-f339d6ea-60fb-4807-ae1c-bed7ad1720b1: TaskStarted(5,303,Some(AttributeKey[scala.collection.Seq[sbt.Attributed[java.io.File]]]("dependencyClasspath") in Scope(Build: file:/home/ignacio/workspace/play/play-java/, , Project: ProjectReference(file:/home/ignacio/workspace/play/play-java/,root), Config: compile)))
Sending msg to client activator-f339d6ea-60fb-4807-ae1c-bed7ad1720b1: TaskFinished(5,303,Some(AttributeKey[scala.collection.Seq[sbt.Attributed[java.io.File]]]("dependencyClasspath") in Scope(Build: file:/home/ignacio/workspace/play/play-java/, , Project: ProjectReference(file:/home/ignacio/workspace/play/play-java/,root), Config: compile)),true,None)
Sending msg to client activator-f339d6ea-60fb-4807-ae1c-bed7ad1720b1: TaskStarted(5,301,Some(AttributeKey[sbt.Compiler$IncSetup]("incCompileSetup") in Scope(Build: file:/home/ignacio/workspace/play/play-java/, , Project: ProjectReference(file:/home/ignacio/workspace/play/play-java/,root), Config: compile)))
Sending msg to client activator-f339d6ea-60fb-4807-ae1c-bed7ad1720b1: TaskStarted(5,404,Some(AttributeKey[scala.Function1[sbt.compiler.IC$Result,sbt.compiler.IC$Result]]("playEnhancerGenerateAccessors") in Scope(Build: file:/home/ignacio/workspace/play/play-java/, , Project: ProjectReference(file:/home/ignacio/workspace/play/play-java/,root), Config: compile)))
Sending msg to client activator-f339d6ea-60fb-4807-ae1c-bed7ad1720b1: TaskFinished(5,301,Some(AttributeKey[sbt.Compiler$IncSetup]("incCompileSetup") in Scope(Build: file:/home/ignacio/workspace/play/play-java/, , Project: ProjectReference(file:/home/ignacio/workspace/play/play-java/,root), Config: compile)),true,None)
Sending msg to client activator-f339d6ea-60fb-4807-ae1c-bed7ad1720b1: TaskStarted(5,401,Some(AttributeKey[sbt.Compiler$PreviousAnalysis]("readAnalysis") in Scope(Build: file:/home/ignacio/workspace/play/play-java/, , Project: ProjectReference(file:/home/ignacio/workspace/play/play-java/,root), Config: compile)))
Sending msg to client activator-f339d6ea-60fb-4807-ae1c-bed7ad1720b1: TaskFinished(5,426,None,true,None)
Sending msg to client activator-f339d6ea-60fb-4807-ae1c-bed7ad1720b1: TaskFinished(5,370,Some(AttributeKey[scala.collection.Seq[play.routes.compiler.RoutesCompiler$RoutesCompilerTask]]("playRoutesTasks") in Scope(Build: file:/home/ignacio/workspace/play/play-java/, , Project: ProjectReference(file:/home/ignacio/workspace/play/play-java/,root), Config: compile)),true,None)
Sending msg to client activator-f339d6ea-60fb-4807-ae1c-bed7ad1720b1: TaskStarted(5,368,Some(AttributeKey[scala.collection.Seq[java.io.File]]("playRoutes") in Scope(Build: file:/home/ignacio/workspace/play/play-java/, , Project: ProjectReference(file:/home/ignacio/workspace/play/play-java/,root), Config: compile)))
Sending msg to client activator-f339d6ea-60fb-4807-ae1c-bed7ad1720b1: TaskFinished(5,404,Some(AttributeKey[scala.Function1[sbt.compiler.IC$Result,sbt.compiler.IC$Result]]("playEnhancerGenerateAccessors") in Scope(Build: file:/home/ignacio/workspace/play/play-java/, , Project: ProjectReference(file:/home/ignacio/workspace/play/play-java/,root), Config: compile)),true,None)
Sending msg to client activator-f339d6ea-60fb-4807-ae1c-bed7ad1720b1: TaskFinished(5,420,None,true,None)
Sending msg to client activator-f339d6ea-60fb-4807-ae1c-bed7ad1720b1: TaskFinished(5,394,Some(AttributeKey[sbt.ScalaInstance]("scalaInstance") in Scope(Build: file:/home/ignacio/workspace/play/play-java/, , Project: ProjectReference(file:/home/ignacio/workspace/play/play-java/,root))),true,None)
Sending msg to client activator-f339d6ea-60fb-4807-ae1c-bed7ad1720b1: TaskStarted(5,393,Some(AttributeKey[sbt.Compiler$Compilers]("compilers") in Scope(Global)))
Sending msg to client activator-f339d6ea-60fb-4807-ae1c-bed7ad1720b1: TaskFinished(5,393,Some(AttributeKey[sbt.Compiler$Compilers]("compilers") in Scope(Global)),true,None)
Sending msg to client activator-f339d6ea-60fb-4807-ae1c-bed7ad1720b1: TaskFinished(5,376,None,true,None)
Sending msg to client activator-f339d6ea-60fb-4807-ae1c-bed7ad1720b1: TaskStarted(5,375,Some(AttributeKey[scala.collection.Seq[java.io.File]]("twirlCompileTemplates") in Scope(Build: file:/home/ignacio/workspace/play/play-java/, , Project: ProjectReference(file:/home/ignacio/workspace/play/play-java/,root), Config: compile)))
Sending msg to client activator-f339d6ea-60fb-4807-ae1c-bed7ad1720b1: TaskFinished(5,375,Some(AttributeKey[scala.collection.Seq[java.io.File]]("twirlCompileTemplates") in Scope(Build: file:/home/ignacio/workspace/play/play-java/, , Project: ProjectReference(file:/home/ignacio/workspace/play/play-java/,root), Config: compile)),true,None)
Sending msg to client activator-f339d6ea-60fb-4807-ae1c-bed7ad1720b1: TaskFinished(5,368,Some(AttributeKey[scala.collection.Seq[java.io.File]]("playRoutes") in Scope(Build: file:/home/ignacio/workspace/play/play-java/, , Project: ProjectReference(file:/home/ignacio/workspace/play/play-java/,root), Config: compile)),true,None)
Sending msg to client activator-f339d6ea-60fb-4807-ae1c-bed7ad1720b1: TaskStarted(5,367,None)
Sending msg to client activator-f339d6ea-60fb-4807-ae1c-bed7ad1720b1: TaskFinished(5,367,None,true,None)
Sending msg to client activator-f339d6ea-60fb-4807-ae1c-bed7ad1720b1: TaskStarted(5,366,Some(AttributeKey[scala.collection.Seq[java.io.File]]("managedSources") in Scope(Build: file:/home/ignacio/workspace/play/play-java/, , Project: ProjectReference(file:/home/ignacio/workspace/play/play-java/,root), Config: compile)))
Sending msg to client activator-f339d6ea-60fb-4807-ae1c-bed7ad1720b1: TaskFinished(5,366,Some(AttributeKey[scala.collection.Seq[java.io.File]]("managedSources") in Scope(Build: file:/home/ignacio/workspace/play/play-java/, , Project: ProjectReference(file:/home/ignacio/workspace/play/play-java/,root), Config: compile)),true,None)
Sending msg to client activator-f339d6ea-60fb-4807-ae1c-bed7ad1720b1: TaskStarted(5,363,Some(AttributeKey[scala.collection.Seq[java.io.File]]("sources") in Scope(Build: file:/home/ignacio/workspace/play/play-java/, , Project: ProjectReference(file:/home/ignacio/workspace/play/play-java/,root), Config: compile)))
Sending msg to client activator-f339d6ea-60fb-4807-ae1c-bed7ad1720b1: TaskFinished(5,363,Some(AttributeKey[scala.collection.Seq[java.io.File]]("sources") in Scope(Build: file:/home/ignacio/workspace/play/play-java/, , Project: ProjectReference(file:/home/ignacio/workspace/play/play-java/,root), Config: compile)),true,None)
Sending msg to client activator-f339d6ea-60fb-4807-ae1c-bed7ad1720b1: TaskStarted(5,362,Some(AttributeKey[sbt.Compiler$Inputs]("compileInputs") in Scope(Build: file:/home/ignacio/workspace/play/play-java/, , Project: ProjectReference(file:/home/ignacio/workspace/play/play-java/,root), Config: compile, Task: AttributeKey[sbt.inc.Analysis]("compile"))))
Sending msg to client activator-f339d6ea-60fb-4807-ae1c-bed7ad1720b1: TaskStarted(5,402,Some(AttributeKey[scala.Function1[sbt.compiler.IC$Result,sbt.compiler.IC$Result]]("playEnhancerRewriteAccessors") in Scope(Build: file:/home/ignacio/workspace/play/play-java/, , Project: ProjectReference(file:/home/ignacio/workspace/play/play-java/,root), Config: compile)))
Sending msg to client activator-f339d6ea-60fb-4807-ae1c-bed7ad1720b1: TaskFinished(5,402,Some(AttributeKey[scala.Function1[sbt.compiler.IC$Result,sbt.compiler.IC$Result]]("playEnhancerRewriteAccessors") in Scope(Build: file:/home/ignacio/workspace/play/play-java/, , Project: ProjectReference(file:/home/ignacio/workspace/play/play-java/,root), Config: compile)),true,None)
Sending msg to client activator-f339d6ea-60fb-4807-ae1c-bed7ad1720b1: TaskFinished(5,362,Some(AttributeKey[sbt.Compiler$Inputs]("compileInputs") in Scope(Build: file:/home/ignacio/workspace/play/play-java/, , Project: ProjectReference(file:/home/ignacio/workspace/play/play-java/,root), Config: compile, Task: AttributeKey[sbt.inc.Analysis]("compile"))),true,None)
Sending msg to client activator-f339d6ea-60fb-4807-ae1c-bed7ad1720b1: TaskStarted(5,397,Some(AttributeKey[scala.Option[xsbti.Reporter]]("compilerReporter") in Scope(Build: file:/home/ignacio/workspace/play/play-java/, , Project: ProjectReference(file:/home/ignacio/workspace/play/play-java/,root), Config: compile, Task: AttributeKey[sbt.inc.Analysis]("compile"))))
Sending msg to client activator-f339d6ea-60fb-4807-ae1c-bed7ad1720b1: TaskFinished(5,397,Some(AttributeKey[scala.Option[xsbti.Reporter]]("compilerReporter") in Scope(Build: file:/home/ignacio/workspace/play/play-java/, , Project: ProjectReference(file:/home/ignacio/workspace/play/play-java/,root), Config: compile, Task: AttributeKey[sbt.inc.Analysis]("compile"))),true,None)
Sending msg to client activator-f339d6ea-60fb-4807-ae1c-bed7ad1720b1: TaskFinished(5,401,Some(AttributeKey[sbt.Compiler$PreviousAnalysis]("readAnalysis") in Scope(Build: file:/home/ignacio/workspace/play/play-java/, , Project: ProjectReference(file:/home/ignacio/workspace/play/play-java/,root), Config: compile)),true,None)
Sending msg to client activator-f339d6ea-60fb-4807-ae1c-bed7ad1720b1: TaskStarted(5,361,Some(AttributeKey[sbt.compiler.IC$Result]("compileIncremental") in Scope(Build: file:/home/ignacio/workspace/play/play-java/, , Project: ProjectReference(file:/home/ignacio/workspace/play/play-java/,root), Config: compile)))
Sending msg to client activator-f339d6ea-60fb-4807-ae1c-bed7ad1720b1: TaskLogEvent(361,LogMessage(debug,
Initial source changes: 
	removed:Set()
	added: Set()
	modified: Set()
Removed products: Set()
External API changes: API Changes: Set()
Modified binary dependencies: Set()
Initial directly invalidated sources: Set()

Sources indirectly invalidated by:
	product: Set()
	binary dep: Set()
	external source: Set()))
Sending msg to client activator-f339d6ea-60fb-4807-ae1c-bed7ad1720b1: TaskLogEvent(361,LogMessage(debug,All initially invalidated sources: Set()
))
Sending msg to client activator-f339d6ea-60fb-4807-ae1c-bed7ad1720b1: TaskFinished(5,361,Some(AttributeKey[sbt.compiler.IC$Result]("compileIncremental") in Scope(Build: file:/home/ignacio/workspace/play/play-java/, , Project: ProjectReference(file:/home/ignacio/workspace/play/play-java/,root), Config: compile)),true,None)
Sending msg to client activator-f339d6ea-60fb-4807-ae1c-bed7ad1720b1: TaskStarted(5,360,Some(AttributeKey[sbt.compiler.IC$Result]("manipulateBytecode") in Scope(Build: file:/home/ignacio/workspace/play/play-java/, , Project: ProjectReference(file:/home/ignacio/workspace/play/play-java/,root), Config: compile)))
Sending msg to client activator-f339d6ea-60fb-4807-ae1c-bed7ad1720b1: TaskFinished(5,360,Some(AttributeKey[sbt.compiler.IC$Result]("manipulateBytecode") in Scope(Build: file:/home/ignacio/workspace/play/play-java/, , Project: ProjectReference(file:/home/ignacio/workspace/play/play-java/,root), Config: compile)),true,None)
Sending msg to client activator-f339d6ea-60fb-4807-ae1c-bed7ad1720b1: TaskStarted(5,359,Some(AttributeKey[sbt.compiler.IC$Result]("manipulateBytecode") in Scope(Build: file:/home/ignacio/workspace/play/play-java/, , Project: ProjectReference(file:/home/ignacio/workspace/play/play-java/,root), Config: compile)))
Sending msg to client activator-f339d6ea-60fb-4807-ae1c-bed7ad1720b1: TaskFinished(5,359,Some(AttributeKey[sbt.compiler.IC$Result]("manipulateBytecode") in Scope(Build: file:/home/ignacio/workspace/play/play-java/, , Project: ProjectReference(file:/home/ignacio/workspace/play/play-java/,root), Config: compile)),true,None)
Sending msg to client activator-f339d6ea-60fb-4807-ae1c-bed7ad1720b1: TaskStarted(5,300,Some(AttributeKey[sbt.inc.Analysis]("compile") in Scope(Build: file:/home/ignacio/workspace/play/play-java/, , Project: ProjectReference(file:/home/ignacio/workspace/play/play-java/,root), Config: compile)))
Sending msg to client activator-f339d6ea-60fb-4807-ae1c-bed7ad1720b1: TaskFinished(5,300,Some(AttributeKey[sbt.inc.Analysis]("compile") in Scope(Build: file:/home/ignacio/workspace/play/play-java/, , Project: ProjectReference(file:/home/ignacio/workspace/play/play-java/,root), Config: compile)),true,None)
Sending msg to client activator-f339d6ea-60fb-4807-ae1c-bed7ad1720b1: TaskStarted(5,299,Some(AttributeKey[scala.collection.Seq[java.lang.String]]("discoveredMainClasses") in Scope(Build: file:/home/ignacio/workspace/play/play-java/, , Project: ProjectReference(file:/home/ignacio/workspace/play/play-java/,root), Config: compile)))
Got request: UnlistenToEvents()
Reading next message from client.
Sending msg to client activator-f339d6ea-60fb-4807-ae1c-bed7ad1720b1: (14,ReceivedResponse())
Got request: UnlistenToValue(AttributeKey[scala.collection.Seq[java.lang.String]]("discoveredMainClasses") in Scope(Build: file:/home/ignacio/workspace/play/play-java/, , Project: ProjectReference(file:/home/ignacio/workspace/play/play-java/,root), Config: compile))
Reading next message from client.
Sending msg to client activator-f339d6ea-60fb-4807-ae1c-bed7ad1720b1: (15,ReceivedResponse())
Got request: UnlistenToValue(AttributeKey[scala.Option[java.lang.String]]("mainClass") in Scope(Build: file:/home/ignacio/workspace/play/play-java/, , Project: ProjectReference(file:/home/ignacio/workspace/play/play-java/,root), Config: compile))
Reading next message from client.
Got request: UnlistenToBuildChange()
Reading next message from client.
Client activator-f339d6ea-60fb-4807-ae1c-bed7ad1720b1 EOF, shutting down.
Stopping client.
Dropping message (16,ReceivedResponse()) to dead client activator-f339d6ea-60fb-4807-ae1c-bed7ad1720b1
Client activator-f339d6ea-60fb-4807-ae1c-bed7ad1720b1 thread exiting.
Dropping message (17,ReceivedResponse()) to dead client activator-f339d6ea-60fb-4807-ae1c-bed7ad1720b1
Dropping message (0,ReceivedResponse()) to dead client activator-f339d6ea-60fb-4807-ae1c-bed7ad1720b1
Dropping message ValueChanged(AttributeKey[scala.collection.Seq[java.lang.String]]("discoveredMainClasses") in Scope(Build: file:/home/ignacio/workspace/play/play-java/, , Project: ProjectReference(file:/home/ignacio/workspace/play/play-java/,root), Config: compile),TaskSuccess(BuildValue(LazyValue(List(),scala.pickling.PicklerUnpickler$DelegatingPicklerUnpickler@1412cbca),List()))) to dead client activator-f339d6ea-60fb-4807-ae1c-bed7ad1720b1
